<?xml version="1.0" encoding="UTF-8" ?>
<testsuite failures="0" time="3.06" errors="0" skipped="0" tests="1" name="TestSuite">
  <properties>
    <property name="java.vendor" value="Oracle Corporation"/>
    <property name="env.SYSTEMROOT" value="C:\WINDOWS"/>
    <property name="localRepository" value="D:\work\repo"/>
    <property name="sun.java.launcher" value="SUN_STANDARD"/>
    <property name="groups" value="bucketWrite"/>
    <property name="sun.management.compiler" value="HotSpot 64-Bit Tiered Compilers"/>
    <property name="env.PROMPT" value="$P$G"/>
    <property name="os.name" value="Windows 7"/>
    <property name="env.FP_NO_HOST_CHECK" value="NO"/>
    <property name="sun.boot.class.path" value="C:\Program Files\Java\jdk1.7.0_40\jre\lib\resources.jar;C:\Program Files\Java\jdk1.7.0_40\jre\lib\rt.jar;C:\Program Files\Java\jdk1.7.0_40\jre\lib\sunrsasign.jar;C:\Program Files\Java\jdk1.7.0_40\jre\lib\jsse.jar;C:\Program Files\Java\jdk1.7.0_40\jre\lib\jce.jar;C:\Program Files\Java\jdk1.7.0_40\jre\lib\charsets.jar;C:\Program Files\Java\jdk1.7.0_40\jre\lib\jfr.jar;C:\Program Files\Java\jdk1.7.0_40\jre\classes"/>
    <property name="env.COMPUTERNAME" value="EPUAKYIW0056"/>
    <property name="env.ALLUSERSPROFILE" value="C:\ProgramData"/>
    <property name="sun.desktop" value="windows"/>
    <property name="java.vm.specification.vendor" value="Oracle Corporation"/>
    <property name="java.runtime.version" value="1.7.0_40-b43"/>
    <property name="env.HOMEPATH" value="\Users\vitalii_bartashchuk"/>
    <property name="user.name" value="vitalii_bartashchuk"/>
    <property name="maven.build.version" value="Apache Maven 3.1.1 (0728685237757ffbf44136acec0402957f723d9a; 2013-09-17 18:22:22+0300)"/>
    <property name="env.WINDOWS_TRACING_FLAGS" value="3"/>
    <property name="env.PATH" value="C:\Program Files (x86)\RSA SecurID Token Common;C:\Program Files (x86)\Intel\iCLS Client\;C:\Program Files\Intel\iCLS Client\;C:\WINDOWS\system32;C:\WINDOWS;C:\WINDOWS\System32\Wbem;C:\WINDOWS\System32\WindowsPowerShell\v1.0\;C:\Program Files\TortoiseSVN\bin;C:\Program Files\Intel\Intel(R) Management Engine Components\DAL;C:\Program Files\Intel\Intel(R) Management Engine Components\IPT;C:\Program Files (x86)\Intel\Intel(R) Management Engine Components\DAL;C:\Program Files (x86)\Intel\Intel(R) Management Engine Components\IPT;C:\Program Files (x86)\Intel\OpenCL SDK\2.0\bin\x86;C:\Program Files (x86)\Intel\OpenCL SDK\2.0\bin\x64;C:\Program Files (x86)\Java\jre7\bin;D:\work\tools\apache-maven-3.1.1\bin"/>
    <property name="user.language" value="en"/>
    <property name="env.WINDIR" value="C:\WINDOWS"/>
    <property name="sun.boot.library.path" value="C:\Program Files\Java\jdk1.7.0_40\jre\bin"/>
    <property name="classworlds.conf" value="D:\work\tools\apache-maven-3.1.1\bin\m2.conf"/>
    <property name="java.version" value="1.7.0_40"/>
    <property name="env.PROCESSOR_IDENTIFIER" value="Intel64 Family 6 Model 58 Stepping 9, GenuineIntel"/>
    <property name="user.timezone" value="Europe/Kaliningrad"/>
    <property name="env.TEMP" value="C:\Users\vitalii_bartashchuk\AppData\Local\Temp"/>
    <property name="sun.arch.data.model" value="64"/>
    <property name="env.WINDOWS_TRACING_LOGFILE" value="C:\BVTBin\Tests\installpackage\csilogfile.log"/>
    <property name="java.endorsed.dirs" value="C:\Program Files\Java\jdk1.7.0_40\jre\lib\endorsed"/>
    <property name="sun.cpu.isalist" value="amd64"/>
    <property name="env.HOMEDRIVE" value="C:"/>
    <property name="sun.jnu.encoding" value="Cp1251"/>
    <property name="file.encoding.pkg" value="sun.io"/>
    <property name="env.SYSTEMDRIVE" value="C:"/>
    <property name="file.separator" value="\"/>
    <property name="java.specification.name" value="Java Platform API Specification"/>
    <property name="java.class.version" value="51.0"/>
    <property name="org.slf4j.simpleLogger.defaultLogLevel" value="info"/>
    <property name="user.country" value="US"/>
    <property name="java.home" value="C:\Program Files\Java\jdk1.7.0_40\jre"/>
    <property name="env.APPDATA" value="C:\Users\vitalii_bartashchuk\AppData\Roaming"/>
    <property name="env.PUBLIC" value="C:\Users\Public"/>
    <property name="java.vm.info" value="mixed mode"/>
    <property name="env.OS" value="Windows_NT"/>
    <property name="os.version" value="6.1"/>
    <property name="env.=::" value="::\"/>
    <property name="path.separator" value=";"/>
    <property name="java.vm.version" value="24.0-b56"/>
    <property name="env.USERPROFILE" value="C:\Users\vitalii_bartashchuk"/>
    <property name="user.variant" value=""/>
    <property name="env.JAVA_HOME" value="C:\Program Files\Java\jdk1.7.0_40"/>
    <property name="java.awt.printerjob" value="sun.awt.windows.WPrinterJob"/>
    <property name="env.TMP" value="C:\Users\vitalii_bartashchuk\AppData\Local\Temp"/>
    <property name="env.PROGRAMFILES" value="C:\Program Files"/>
    <property name="sun.io.unicode.encoding" value="UnicodeLittle"/>
    <property name="awt.toolkit" value="sun.awt.windows.WToolkit"/>
    <property name="user.script" value=""/>
    <property name="user.home" value="C:\Users\vitalii_bartashchuk"/>
    <property name="env.COMMONPROGRAMFILES" value="C:\Program Files\Common Files"/>
    <property name="env.=EXITCODE" value="00000000"/>
    <property name="env.SESSIONNAME" value="Console"/>
    <property name="java.specification.vendor" value="Oracle Corporation"/>
    <property name="env.M2_HOME" value="D:\work\tools\apache-maven-3.1.1"/>
    <property name="env.NUMBER_OF_PROCESSORS" value="4"/>
    <property name="java.library.path" value="C:\Program Files\Java\jdk1.7.0_40\bin;C:\WINDOWS\Sun\Java\bin;C:\WINDOWS\system32;C:\WINDOWS;C:\Program Files (x86)\RSA SecurID Token Common;C:\Program Files (x86)\Intel\iCLS Client\;C:\Program Files\Intel\iCLS Client\;C:\WINDOWS\system32;C:\WINDOWS;C:\WINDOWS\System32\Wbem;C:\WINDOWS\System32\WindowsPowerShell\v1.0\;C:\Program Files\TortoiseSVN\bin;C:\Program Files\Intel\Intel(R) Management Engine Components\DAL;C:\Program Files\Intel\Intel(R) Management Engine Components\IPT;C:\Program Files (x86)\Intel\Intel(R) Management Engine Components\DAL;C:\Program Files (x86)\Intel\Intel(R) Management Engine Components\IPT;C:\Program Files (x86)\Intel\OpenCL SDK\2.0\bin\x86;C:\Program Files (x86)\Intel\OpenCL SDK\2.0\bin\x64;C:\Program Files (x86)\Java\jre7\bin;D:\work\tools\apache-maven-3.1.1\bin;."/>
    <property name="java.vendor.url" value="http://java.oracle.com/"/>
    <property name="env.CLASSWORLDS_LAUNCHER" value="org.codehaus.plexus.classworlds.launcher.Launcher"/>
    <property name="env.COMMONPROGRAMFILES(X86)" value="C:\Program Files (x86)\Common Files"/>
    <property name="env.USERDNSDOMAIN" value="KYIV.EPAM.COM"/>
    <property name="env.PSMODULEPATH" value="C:\WINDOWS\system32\WindowsPowerShell\v1.0\Modules\"/>
    <property name="env.MAVEN_CMD_LINE_ARGS" value="-Dgroups=bucketWrite test"/>
    <property name="java.vm.vendor" value="Oracle Corporation"/>
    <property name="java.runtime.name" value="Java(TM) SE Runtime Environment"/>
    <property name="maven.home" value="D:\work\tools\apache-maven-3.1.1"/>
    <property name="java.class.path" value="D:\work\tools\apache-maven-3.1.1\boot\plexus-classworlds-2.5.1.jar"/>
    <property name="sun.java.command" value="org.codehaus.plexus.classworlds.launcher.Launcher -Dgroups=bucketWrite test"/>
    <property name="env.PROGRAMW6432" value="C:\Program Files"/>
    <property name="maven.version" value="3.1.1"/>
    <property name="env.MAVEN_JAVA_EXE" value="&quot;C:\Program Files\Java\jdk1.7.0_40\bin\java.exe&quot;"/>
    <property name="env.PROGRAMFILES(X86)" value="C:\Program Files (x86)"/>
    <property name="java.vm.specification.name" value="Java Virtual Machine Specification"/>
    <property name="env.LOGONSERVER" value="\\EPBYMINVSA0008"/>
    <property name="java.vm.specification.version" value="1.7"/>
    <property name="env.PROCESSOR_ARCHITECTURE" value="AMD64"/>
    <property name="env.COMMONPROGRAMW6432" value="C:\Program Files\Common Files"/>
    <property name="sun.os.patch.level" value="Service Pack 1"/>
    <property name="sun.cpu.endian" value="little"/>
    <property name="env.HOME" value="C:\Users\vitalii_bartashchuk"/>
    <property name="surefire.test.class.path" value="D:\work\projects\eclipse\workspace\S3ForMe\target\test-classes;D:\work\projects\eclipse\workspace\S3ForMe\target\classes;D:\work\repo\org\testng\testng\6.8.5\testng-6.8.5.jar;D:\work\repo\junit\junit\4.10\junit-4.10.jar;D:\work\repo\org\hamcrest\hamcrest-core\1.1\hamcrest-core-1.1.jar;D:\work\repo\org\beanshell\bsh\2.0b4\bsh-2.0b4.jar;D:\work\repo\com\beust\jcommander\1.27\jcommander-1.27.jar;D:\work\repo\org\yaml\snakeyaml\1.6\snakeyaml-1.6.jar;D:\work\repo\com\amazonaws\aws-java-sdk\1.6.2\aws-java-sdk-1.6.2.jar;D:\work\repo\commons-logging\commons-logging\1.1.1\commons-logging-1.1.1.jar;D:\work\repo\org\apache\httpcomponents\httpclient\4.2\httpclient-4.2.jar;D:\work\repo\org\apache\httpcomponents\httpcore\4.2\httpcore-4.2.jar;D:\work\repo\commons-codec\commons-codec\1.3\commons-codec-1.3.jar;D:\work\repo\com\fasterxml\jackson\core\jackson-core\2.1.1\jackson-core-2.1.1.jar;D:\work\repo\com\fasterxml\jackson\core\jackson-databind\2.1.1\jackson-databind-2.1.1.jar;D:\work\repo\com\fasterxml\jackson\core\jackson-annotations\2.1.1\jackson-annotations-2.1.1.jar;D:\work\repo\xmlunit\xmlunit\1.5\xmlunit-1.5.jar;D:\work\repo\org\codehaus\jackson\jackson-mapper-asl\1.8.5\jackson-mapper-asl-1.8.5.jar;D:\work\repo\org\codehaus\jackson\jackson-core-asl\1.8.5\jackson-core-asl-1.8.5.jar;D:\work\repo\log4j\log4j\1.2.15\log4j-1.2.15.jar;D:\work\repo\javax\mail\mail\1.4\mail-1.4.jar;D:\work\repo\javax\activation\activation\1.1\activation-1.1.jar;"/>
    <property name="java.io.tmpdir" value="C:\Users\vitalii_bartashchuk\AppData\Local\Temp\"/>
    <property name="env.PROCESSOR_REVISION" value="3a09"/>
    <property name="env.UATDATA" value="C:\WINDOWS\CCM\UATData\D9F8C395-CAB8-491d-B8AC-179A1FE1BE77"/>
    <property name="java.vendor.url.bug" value="http://bugreport.sun.com/bugreport/"/>
    <property name="env.COMSPEC" value="C:\WINDOWS\system32\cmd.exe"/>
    <property name="env.PROGRAMDATA" value="C:\ProgramData"/>
    <property name="java.awt.graphicsenv" value="sun.awt.Win32GraphicsEnvironment"/>
    <property name="os.arch" value="amd64"/>
    <property name="java.ext.dirs" value="C:\Program Files\Java\jdk1.7.0_40\jre\lib\ext;C:\WINDOWS\Sun\Java\lib\ext"/>
    <property name="env.=D:" value="D:\work\projects\eclipse\workspace\S3ForMe"/>
    <property name="user.dir" value="D:\work\projects\eclipse\workspace\S3ForMe"/>
    <property name="env.LOCALAPPDATA" value="C:\Users\vitalii_bartashchuk\AppData\Local"/>
    <property name="line.separator" value="
"/>
    <property name="java.vm.name" value="Java HotSpot(TM) 64-Bit Server VM"/>
    <property name="env.CLASSWORLDS_JAR" value="&quot;D:\work\tools\apache-maven-3.1.1\boot\plexus-classworlds-2.5.1.jar&quot;"/>
    <property name="env.PATHEXT" value=".COM;.EXE;.BAT;.CMD;.VBS;.VBE;.JS;.JSE;.WSF;.WSH;.MSC"/>
    <property name="basedir" value="D:\work\projects\eclipse\workspace\S3ForMe"/>
    <property name="env.ERROR_CODE" value="0"/>
    <property name="env.USERNAME" value="vitalii_bartashchuk"/>
    <property name="file.encoding" value="Cp1251"/>
    <property name="env.USERDOMAIN" value="KYIV"/>
    <property name="java.specification.version" value="1.7"/>
    <property name="env.=C:" value="C:\Users\vitalii_bartashchuk"/>
    <property name="env.PROCESSOR_LEVEL" value="6"/>
  </properties>
  <testcase time="2.774" classname="test.java.S3Test" name="bucketWriteTest"/>
</testsuite>