<?xml version="1.0" encoding="UTF-8"?>
<!-- Generated by org.testng.reporters.JUnitReportReporter -->
<testsuite hostname="EPUAKYIW0056" name="me.s3for.java.test.S3Test" tests="1" failures="0" timestamp="17 Oct 2013 05:47:18 GMT" time="1.049" errors="0">
  <testcase name="bucketTest" time="1.049" classname="me.s3for.java.test.S3Test"/>
</testsuite> <!-- me.s3for.java.test.S3Test -->
