<?xml version="1.0" encoding="UTF-8"?>
<!-- Generated by org.testng.reporters.JUnitReportReporter -->
<testsuite hostname="EPUAKYIW0056" name="test.java.CorsTest" tests="1" failures="0" timestamp="23 Oct 2013 05:19:55 GMT" time="2.587" errors="0">
  <testcase name="test" time="2.587" classname="test.java.CorsTest"/>
</testsuite> <!-- test.java.CorsTest -->
