<?xml version="1.0" encoding="UTF-8"?>
<!-- Generated by org.testng.reporters.JUnitReportReporter -->
<testsuite hostname="EPUAKYIW0056" name="test.java.S3Test" tests="2" failures="0" timestamp="23 Oct 2013 04:09:47 GMT" time="7.041" errors="0">
  <testcase name="bucketTest" time="5.341" classname="test.java.S3Test"/>
  <testcase name="bucketWriteTest" time="1.700" classname="test.java.S3Test"/>
</testsuite> <!-- test.java.S3Test -->
