<?xml version="1.0" encoding="UTF-8"?>
<!-- Generated by org.testng.reporters.JUnitReportReporter -->
<testsuite hostname="EPUAKYIW0056" name="test.java.Cors_Positive_Test" tests="5" failures="0" timestamp="28 Oct 2013 17:18:10 GMT" time="7.425" errors="0">
  <testcase name="positiveHead_Test" time="1.379" classname="test.java.Cors_Positive_Test"/>
  <testcase name="positivePut_Test" time="1.379" classname="test.java.Cors_Positive_Test"/>
  <testcase name="positiveDelete_Test" time="1.857" classname="test.java.Cors_Positive_Test"/>
  <testcase name="positiveGet_Test" time="1.399" classname="test.java.Cors_Positive_Test"/>
  <testcase name="positivePost_Test" time="1.411" classname="test.java.Cors_Positive_Test"/>
</testsuite> <!-- test.java.Cors_Positive_Test -->
