<?xml version="1.0" encoding="UTF-8"?>
<!-- Generated by org.testng.reporters.JUnitReportReporter -->
<testsuite hostname="EPUAKYIW0056" name="test.java.S3Test" tests="1" failures="0" timestamp="23 Oct 2013 04:10:08 GMT" time="2.772" errors="0">
  <testcase name="bucketWriteTest" time="2.772" classname="test.java.S3Test"/>
</testsuite> <!-- test.java.S3Test -->
