<?xml version="1.0" encoding="UTF-8"?>
<!-- Generated by org.testng.reporters.JUnitReportReporter -->
<testsuite hostname="EPUAKYIW0056" name="test.java.S3Test" tests="1" failures="0" timestamp="21 Oct 2013 13:44:19 GMT" time="0.999" errors="0">
  <testcase name="bucketTest" time="0.999" classname="test.java.S3Test"/>
</testsuite> <!-- test.java.S3Test -->
